[INFO ] 2024-12-20 05:17:10.217 [main] ReportManager - 
[0;7m------------------------------------------------------------------------------------------------------------------------------------------------
                                                    Powered by [1mSHAFT v.8.4.20241024[22m                                                    
                                   Visit SHAFT's user guide [4mhttps://shafthq.github.io/[24m to learn more                                   
------------------------------------------------------------------------------------------------------------------------------------------------
[0m
[INFO ] 2024-12-20 05:17:10.224 [] ReportManager - Checking for engine updates...
[INFO ] 2024-12-20 05:17:10.253 [] ReportManager - Initializing Summary Reporting Environment...
[INFO ] 2024-12-20 05:17:10.263 [] ReportManager - Initializing Allure Reporting Environment...
[INFO ] 2024-12-20 05:17:10.267 [main] ReportManager - TestNG run detected...
[INFO ] 2024-12-20 05:17:10.565 [main] ReportManager - 
[0;7m------------------------------------------------------------------------------------------------------------------------------------------------
                                             Starting execution of suite setup configuration method                                             
                                          'com.shaft.listeners.internal.ConfigurationHelper.suiteSetup'                                          
------------------------------------------------------------------------------------------------------------------------------------------------
[0m
[INFO ] 2024-12-20 05:17:10.593 [main] ReportManager - Initializing Properties...
[INFO ] 2024-12-20 05:17:10.718 [main] ReportManager - 
[0;7m------------------------------------------------------------------------------------------------------------------------------------------------
                                               Starting execution of navigate configuration method                                               
                                                  'Web_GUI_Test_Automation.First_Test.navigate'                                                  
------------------------------------------------------------------------------------------------------------------------------------------------
[0m
[INFO ] 2024-12-20 05:17:10.745 [main] ReportManager - Setting "targetOperatingSystem" property with "windows".
[INFO ] 2024-12-20 05:17:10.831 [main] ReportManager - Setting "screenshotParams_scalingFactor" property with "1.0".
[INFO ] 2024-12-20 05:17:11.361 [main] ReportManager - Capabilities {acceptInsecureCerts: true, browserName: chrome, goog:chromeOptions: {args: [--disable-search-engine-cho..., --remote-allow-origins=*, --enable-automation, --disable-background-timer-..., --disable-backgrounding-occ..., --disable-features=Optimiza..., --disable-hang-monitor, --disable-domain-reliability, --disable-renderer-backgrou..., --metrics-recording-only, --no-first-run, --no-default-browser-check, --silent-debugger-extension..., --disable-extensions, --disable-component-extensi..., --disable-dev-shm-usage, --disable-ipc-flooding-prot..., --disable-background-networ..., --mute-audio, --disable-breakpad, --ignore-certificate-errors, --disable-device-discovery-..., --force-color-profile=srgb, --hide-scrollbars, --host-resolver-rules, --no-pings, --disable-sync, --disable-field-trial-config, --enable-features=NetworkSe..., --enable-features=NetworkSe..., --enable-use-zoom-for-dsf, --log-net-log, --net-log-capture-mode, --disable-client-side-phish..., --disable-default-apps, --remote-debugging-pipe, --no-sandbox, --start-maximized], extensions: [], prefs: {download.default_directory: E:\MohamedTarekEmbeddedAndS..., download.prompt_for_download: false, profile.default_content_settings.popups: 0}}, pageLoadStrategy: normal, timeouts: {pageLoad: 60000, script: 60000}, unhandledPromptBehavior: ignore, webSocketUrl: true}
[INFO ] 2024-12-20 05:17:11.362 [main] ReportManager - Attempting to run locally on: "Windows | Chrome".
[INFO ] 2024-12-20 05:17:11.362 [main] ReportManager - Identifying OS/Driver combination. Please note that if a new browser/driver executable will be downloaded it may take some time depending on your connection...
[INFO ] 2024-12-20 05:17:11.535 [] ReportManager - Loaded OpenCV "opencv_java490".
[DEBUG] 2024-12-20 05:17:12.163 [] BasicClientConnectionManager - Get connection for route {s}->https://api.github.com:443
[DEBUG] 2024-12-20 05:17:12.239 [] DefaultClientConnectionOperator - Connecting to api.github.com:443
[DEBUG] 2024-12-20 05:17:12.562 [] RequestAddCookies - CookieSpec selected: ignoreCookies
[DEBUG] 2024-12-20 05:17:12.563 [] RequestAuthCache - Auth cache not set in the context
[DEBUG] 2024-12-20 05:17:12.563 [] RequestTargetAuthentication - Target auth state: UNCHALLENGED
[DEBUG] 2024-12-20 05:17:12.564 [] RequestProxyAuthentication - Proxy auth state: UNCHALLENGED
[DEBUG] 2024-12-20 05:17:12.564 [] DefaultClientConnection - Sending request: GET /repos/ShaftHQ/SHAFT_ENGINE/releases/latest HTTP/1.1
[DEBUG] 2024-12-20 05:17:12.564 [] wire -  >> "GET /repos/ShaftHQ/SHAFT_ENGINE/releases/latest HTTP/1.1[\r][\n]"
[DEBUG] 2024-12-20 05:17:12.565 [] wire -  >> "Accept: */*[\r][\n]"
[DEBUG] 2024-12-20 05:17:12.565 [] wire -  >> "Host: api.github.com[\r][\n]"
[DEBUG] 2024-12-20 05:17:12.565 [] wire -  >> "Connection: Keep-Alive[\r][\n]"
[DEBUG] 2024-12-20 05:17:12.565 [] wire -  >> "User-Agent: Apache-HttpClient/4.5.13 (Java/21.0.2)[\r][\n]"
[DEBUG] 2024-12-20 05:17:12.565 [] wire -  >> "Accept-Encoding: gzip,deflate[\r][\n]"
[DEBUG] 2024-12-20 05:17:12.565 [] wire -  >> "[\r][\n]"
[DEBUG] 2024-12-20 05:17:12.565 [] headers - >> GET /repos/ShaftHQ/SHAFT_ENGINE/releases/latest HTTP/1.1
[DEBUG] 2024-12-20 05:17:12.565 [] headers - >> Accept: */*
[DEBUG] 2024-12-20 05:17:12.565 [] headers - >> Host: api.github.com
[DEBUG] 2024-12-20 05:17:12.565 [] headers - >> Connection: Keep-Alive
[DEBUG] 2024-12-20 05:17:12.565 [] headers - >> User-Agent: Apache-HttpClient/4.5.13 (Java/21.0.2)
[DEBUG] 2024-12-20 05:17:12.565 [] headers - >> Accept-Encoding: gzip,deflate
[DEBUG] 2024-12-20 05:17:12.825 [] wire -  << "HTTP/1.1 200 OK[\r][\n]"
[DEBUG] 2024-12-20 05:17:12.826 [] wire -  << "Date: Fri, 20 Dec 2024 03:17:12 GMT[\r][\n]"
[DEBUG] 2024-12-20 05:17:12.826 [] wire -  << "Content-Type: application/json; charset=utf-8[\r][\n]"
[DEBUG] 2024-12-20 05:17:12.827 [] wire -  << "Cache-Control: public, max-age=60, s-maxage=60[\r][\n]"
[DEBUG] 2024-12-20 05:17:12.827 [] wire -  << "Vary: Accept,Accept-Encoding, Accept, X-Requested-With[\r][\n]"
[DEBUG] 2024-12-20 05:17:12.827 [] wire -  << "ETag: W/"e4e219c9681128a40033a958333db6680eb9149ed827998b6f7b01a71240a513"[\r][\n]"
[DEBUG] 2024-12-20 05:17:12.827 [] wire -  << "Last-Modified: Thu, 24 Oct 2024 15:00:43 GMT[\r][\n]"
[DEBUG] 2024-12-20 05:17:12.827 [] wire -  << "X-GitHub-Media-Type: github.v3; format=json[\r][\n]"
[DEBUG] 2024-12-20 05:17:12.827 [] wire -  << "x-github-api-version-selected: 2022-11-28[\r][\n]"
[DEBUG] 2024-12-20 05:17:12.827 [] wire -  << "Access-Control-Expose-Headers: ETag, Link, Location, Retry-After, X-GitHub-OTP, X-RateLimit-Limit, X-RateLimit-Remaining, X-RateLimit-Used, X-RateLimit-Resource, X-RateLimit-Reset, X-OAuth-Scopes, X-Accepted-OAuth-Scopes, X-Poll-Interval, X-GitHub-Media-Type, X-GitHub-SSO, X-GitHub-Request-Id, Deprecation, Sunset[\r][\n]"
[DEBUG] 2024-12-20 05:17:12.827 [] wire -  << "Access-Control-Allow-Origin: *[\r][\n]"
[DEBUG] 2024-12-20 05:17:12.827 [] wire -  << "Strict-Transport-Security: max-age=31536000; includeSubdomains; preload[\r][\n]"
[DEBUG] 2024-12-20 05:17:12.827 [] wire -  << "X-Frame-Options: deny[\r][\n]"
[DEBUG] 2024-12-20 05:17:12.827 [] wire -  << "X-Content-Type-Options: nosniff[\r][\n]"
[DEBUG] 2024-12-20 05:17:12.827 [] wire -  << "X-XSS-Protection: 0[\r][\n]"
[DEBUG] 2024-12-20 05:17:12.827 [] wire -  << "Referrer-Policy: origin-when-cross-origin, strict-origin-when-cross-origin[\r][\n]"
[DEBUG] 2024-12-20 05:17:12.827 [] wire -  << "Content-Security-Policy: default-src 'none'[\r][\n]"
[DEBUG] 2024-12-20 05:17:12.827 [] wire -  << "Content-Encoding: gzip[\r][\n]"
[DEBUG] 2024-12-20 05:17:12.827 [] wire -  << "Server: github.com[\r][\n]"
[DEBUG] 2024-12-20 05:17:12.828 [] wire -  << "Accept-Ranges: bytes[\r][\n]"
[DEBUG] 2024-12-20 05:17:12.828 [] wire -  << "X-RateLimit-Limit: 60[\r][\n]"
[DEBUG] 2024-12-20 05:17:12.828 [] wire -  << "X-RateLimit-Remaining: 58[\r][\n]"
[DEBUG] 2024-12-20 05:17:12.828 [] wire -  << "X-RateLimit-Reset: 1734667689[\r][\n]"
[DEBUG] 2024-12-20 05:17:12.828 [] wire -  << "X-RateLimit-Resource: core[\r][\n]"
[DEBUG] 2024-12-20 05:17:12.828 [] wire -  << "X-RateLimit-Used: 2[\r][\n]"
[DEBUG] 2024-12-20 05:17:12.828 [] wire -  << "Content-Length: 1988[\r][\n]"
[DEBUG] 2024-12-20 05:17:12.828 [] wire -  << "X-GitHub-Request-Id: 5E6B:148079:92995A:970D41:6764E1B8[\r][\n]"
[DEBUG] 2024-12-20 05:17:12.828 [] wire -  << "[\r][\n]"
[DEBUG] 2024-12-20 05:17:12.829 [] DefaultClientConnection - Receiving response: HTTP/1.1 200 OK
[DEBUG] 2024-12-20 05:17:12.829 [] headers - << HTTP/1.1 200 OK
[DEBUG] 2024-12-20 05:17:12.829 [] headers - << Date: Fri, 20 Dec 2024 03:17:12 GMT
[DEBUG] 2024-12-20 05:17:12.829 [] headers - << Content-Type: application/json; charset=utf-8
[DEBUG] 2024-12-20 05:17:12.829 [] headers - << Cache-Control: public, max-age=60, s-maxage=60
[DEBUG] 2024-12-20 05:17:12.829 [] headers - << Vary: Accept,Accept-Encoding, Accept, X-Requested-With
[DEBUG] 2024-12-20 05:17:12.829 [] headers - << ETag: W/"e4e219c9681128a40033a958333db6680eb9149ed827998b6f7b01a71240a513"
[DEBUG] 2024-12-20 05:17:12.829 [] headers - << Last-Modified: Thu, 24 Oct 2024 15:00:43 GMT
[DEBUG] 2024-12-20 05:17:12.829 [] headers - << X-GitHub-Media-Type: github.v3; format=json
[DEBUG] 2024-12-20 05:17:12.829 [] headers - << x-github-api-version-selected: 2022-11-28
[DEBUG] 2024-12-20 05:17:12.829 [] headers - << Access-Control-Expose-Headers: ETag, Link, Location, Retry-After, X-GitHub-OTP, X-RateLimit-Limit, X-RateLimit-Remaining, X-RateLimit-Used, X-RateLimit-Resource, X-RateLimit-Reset, X-OAuth-Scopes, X-Accepted-OAuth-Scopes, X-Poll-Interval, X-GitHub-Media-Type, X-GitHub-SSO, X-GitHub-Request-Id, Deprecation, Sunset
[DEBUG] 2024-12-20 05:17:12.829 [] headers - << Access-Control-Allow-Origin: *
[DEBUG] 2024-12-20 05:17:12.829 [] headers - << Strict-Transport-Security: max-age=31536000; includeSubdomains; preload
[DEBUG] 2024-12-20 05:17:12.829 [] headers - << X-Frame-Options: deny
[DEBUG] 2024-12-20 05:17:12.829 [] headers - << X-Content-Type-Options: nosniff
[DEBUG] 2024-12-20 05:17:12.829 [] headers - << X-XSS-Protection: 0
[DEBUG] 2024-12-20 05:17:12.829 [] headers - << Referrer-Policy: origin-when-cross-origin, strict-origin-when-cross-origin
[DEBUG] 2024-12-20 05:17:12.829 [] headers - << Content-Security-Policy: default-src 'none'
[DEBUG] 2024-12-20 05:17:12.829 [] headers - << Content-Encoding: gzip
[DEBUG] 2024-12-20 05:17:12.829 [] headers - << Server: github.com
[DEBUG] 2024-12-20 05:17:12.829 [] headers - << Accept-Ranges: bytes
[DEBUG] 2024-12-20 05:17:12.829 [] headers - << X-RateLimit-Limit: 60
[DEBUG] 2024-12-20 05:17:12.830 [] headers - << X-RateLimit-Remaining: 58
[DEBUG] 2024-12-20 05:17:12.830 [] headers - << X-RateLimit-Reset: 1734667689
[DEBUG] 2024-12-20 05:17:12.830 [] headers - << X-RateLimit-Resource: core
[DEBUG] 2024-12-20 05:17:12.830 [] headers - << X-RateLimit-Used: 2
[DEBUG] 2024-12-20 05:17:12.830 [] headers - << Content-Length: 1988
[DEBUG] 2024-12-20 05:17:12.830 [] headers - << X-GitHub-Request-Id: 5E6B:148079:92995A:970D41:6764E1B8
[DEBUG] 2024-12-20 05:17:12.841 [] RestAssuredHttpBuilder - Parsing response as: application/json; charset=utf-8
[DEBUG] 2024-12-20 05:17:12.842 [] wire -  << "[0x1f][0x8b][0x8][0x0][0x0][0x0][0x0][0x0][0x0][0x3][0xb5]Yko[0xe3][0xb6][0x12][0xfd]+[0x82][0x8b][0xe2][0x2][0x8b][0x95],[0xd9][0xf2]#[0x2][0x8a][0xde]$vw[0x8b]n[0xb2][0xed]6Eq[0xfb][0x80]AI[0xb4]DG[0x12][0xb5]$[0xe5][0xac][0x1b][0xec][0xbf][0x87]"
[DEBUG] 2024-12-20 05:17:12.842 [] wire -  << "[0x94][0x1c][0xc7][0x86][0x9b]x#[0xed][0x87]8[0xb4]l[0xcf][0xc][0xe7]q[0xe6]px[0xdf][0xab]D[0xd6][0xb]z[0xa9]R[0xa5][0xc][0xfa]}R2'a*[0xad]B'[0xe2]y_[0xd0][0x92][0xcb][0xfe][0xaf])Y[0xaa][0xb7][0xbf][0xf4]}{[0xfe][0xc3][0xcd]b~[0xfd][0xe6][0xc7][0xeb]9>[0xca]([0x91]T[0xf6][0xbd][0xa9]7[0x19][0xb9]#[0xdf][0xed][0xbd][0xee][0x11])[0xa9][0x92][0x8b][0xee]d[0xf6]k[0x89][0x10]][0x95][0x19]'[0xf1][0x81][0xe8][0xfa][0xa1]|[0xb1][0xc9][0x8d][0xf8][0xfb][0xef][0xb][0x92][0xd3][0xd7][0x19][0x9]i[0xf6][0x19][0xba]R[0x95]g[0x7][0x9a][0x1e]9[0xe5]iw([0x92][0xf4][0xa7][0x8e][0xef][0xc][0xdc][0x81][0xef][0xe1][0xf][0xe2]X[0xdc][0xb][0x1e][0xbc][0x4]'U*[0xe5][0xa2][0x17][0xdc][0xf7]2[0x9e][0xb0][0x2][0xde][0xaf][0x85][0xdb]$R[0x8c][0x17][0xf2][0xcf][0x90][0xab][0xbf][0x9b][0x9f][0xf9][0xde][0xf4]l:[0x98][0xe]^[0xf7][\n]"
[DEBUG] 2024-12-20 05:17:12.842 [] wire -  << "[0x1e][0xd3][0x85][0x96][0xd4][0xbb][0x9a]][0x8d][0xc9][0xcf][0xdc][0xeb][0xd9][0xdc][0x93]l[0xde][0xcf]~[0xfc]N[0xfb]~M[0x14][0x11][0x87][0xbe]7[0xf][0xb7][0xe][0xaa]$[0x15][0x11]/[0x14]-[0x94][0x9]/+[0xfa][0xde]h8[0x9e]~[0xbf][0xfe]N[0xdb][0x99][0x88]F[0x86]Q[0xa3]}[0xfe]Tnha[0xb2][0xbf]o[0xfa][0xb7][0xa3][0xb][0x18][0xff][0xed]h[0xf6][0xac][0x13]IY[0x1e][0xfe][0x18][0xbf]Y[0xf2],[0xe3]w[0x90]{[0xb8][0x8d][0xfd][0xb4]|Ru[0xff]A[0xc8][0x83]@V$[0xed][0x5]B[0xc8]}[0x9f][0xab][0x94][0xc2][0xc7][0xd8][0xba][0xce][0x93][0x84][0xc9][0xe7][0xb2][0xfd]iS[0x8d][0x80]{8Q*[0xc4]V[0x8b][0x94][0x8][0x97][0xa0][0x87]y~P[0x96]O[0xb]mD[0xc0][0xd8][0xbb][0x2]v[0xde][0x9b]*6[0xb2][0xab]PF[0x82][0x95]&[0xcb][0xda]8dO[0x10][0x4]s[0x91][0x90][0x82][0xfd]CZ[0xb][0x86] [0x9]y[0x6]v[0xda][0x18]h[0x4]@[0x10]]#[0xd5][I[0xaa]%[0xdc][0xf7]K[0xc1][0xd6]$[0xda]h7[\n]"
[DEBUG] 2024-12-20 05:17:12.842 [] wire -  << "[0x1a]Q[0xb6]F[0x8c][0xda]K?[0x10][0x5][0xe1]jSR[0x14][0xdf][0x5]Wx[0xa3][0xe3][0xbc]X3z[0xb7]h[0x1e][0x97]U[0x98][0xb1]H[0x87][0x92])[0xba] q[0xae][0xe1]cI2I??F[0x88][0xf][0xf3][0xc5][0xed][0xdd][0xec][0xfd][0xe5][0x1b]z3[0x96][0xfe]O[0xde]o[0xf2]J[0x8b]&[0xc9]B[0xe3][0x1c][0xc4][0x1f][0x0][0x14]r.[0xa1]j[0x1]H[0xc8][0x99]b2[0xc5]7r[0x2][0xd1][0x90]y[0xf4][0xfb][0xb1]@Ch[0x14][0xbf][0xee][0x95][0x82]6[0xcd][0xe0][0xe1]Q$(Q[0xf0][0x10][0xc1][0xb7]z[0x1a][0x9]m[0xcf][0xb5][0x7][0xfe][0x8d]7[\n]"
[DEBUG] 2024-12-20 05:17:12.842 [] wire -  << "\7[0xf0][0xfc]? [0xda][0xec]E[0xa6][0xff][0xfa]-[0xa8][0xbf][0xd5][0xe0][0xf0][0xe7][0xdf]z[0x3]"$[0xd9]!2[0x9f][0xde][0xb2][0x9a][0xdf][0x1f][0xc2][0xf3]?[0xac]l%[0xb6][0xf9][0xfd][0xa1][0xd8][0x90][0xc7][0x1b][0xec][0xfe][0x9b]o[0xac][0xdf]S[0xa2][0xfe]#[0xad][0xcb][0x94][0x14][0x9][0x8d][0xff]*^Y[0x1f](bG[0xad][0xaa][0x4][0xe4][0xc6][0xd4][\n]"
[DEBUG] 2024-12-20 05:17:12.842 [] wire -  << "7[0xd6][0xaf]xJB[0xbc]0j[0xb1][0xc2][0xda][0xf6][0xe3][0xe7][0xda]NYeY[0xdf][0x9b][0xc][0x86]Z[0xea]E[0x95][0x97][0x16][0x82][0xe8]$[0x9c]'[0x19]u"[0xb1])[0x15]w[0x14]+n[0x3][0xfd]b-[0x5][0xcf]-[0xcf][0xf1]|[0xc7][0xb3][0x14][0xd7][0xab][0x91][0xe3][0x1a][0xed]1-i[0x11][0x13][0x80][0xf7]K[0xb4][0x8f][0x1f][0xb4][0xa3][0x80][0x9d][\r][0xc9][0xb3]@[0x16][0xe4][0x96][0xea]U[0xad]t[0xe0][0xc][0xb4][0xc6][0x81]3[0xec]@[0xdd]hO[0x1d])I[0x94]R[0x7][0xbd][0x14][0xcd]4[0xd1][0xff][0xfd]U`^m[0xcf][0x19][0xd8]H[0x8f][0x7][0x13][0x86][0xf5][0xbe]a[0x8c][0xdf][0xc5][0xbe][0x87][0xde][0xa9][0x86]D\[0xd0][0xaf]f[0x85]{[0xaa][0x15]2[[0xfa][0xab][0x81][0xcd][0xf2]r[0x17][0x95][0x8e]]28;[0xd5][0x98][0xaf][0x18][0x97][0xc1]T[0x1b]![0xa8],i[0xa4][0xac]%[0x17][0x11][0xbd]Lit{C?[0xa9][0xdf][0x89][0xbc][0x1][0xc4][0xc6][0x97][0x1c]m6R[0xd9][0xa6]}[0xf1][\r][0x7]Z][0xc][0xa2][0x15][0x82][0x10][0xdf]P[0xb4][0xf4][0xe][0x84][0x9a][0x8a]68[0x8a][0xac][0xb6][\n]"
[DEBUG] 2024-12-20 05:17:12.843 [] wire -  << "zg[0xa9][0x8e]$[0xfb]{![0x92][0xe0][0xf1][0x5][0xab][0xf2][0xf4][0xa3][0xb3]][0x6][0xdb][0x85][0xbd][0x2]![0xac][0xf3][0x16][0x84]V[0xd7][0xc]j[0x18][0xab]NP[0xc3][0xdf]a[0x16][0xe3]NTEU[0x1e]R[0x11]l[0x17]v[0xc9]"[0xae][0xc9]*[0x1a][0x11][0x15][0xb5][0x11][0x13][0xc7][0x9b][0xd6]%[0x8c][0xd5]Y[0x17]%[0xec][0xef]J[0xf8][0xa8][0x11];[0x7]|[0x5][0xdd][0xbb][0xc2]=[0xaa][[0xc7][0x1b][0xa1]7[0xa0][0xdd][0xbd][0xf6][0xe1][0xd1]J[0xcd][0x9][0x18][0x93]Sf[0x15][0xb0]T[0x6][0xe6][0x9d][0x9d][0x94][0x89]]?[0xa9]m[0x19]:[0x3]g[0xa4]3A/[0xc6][0xed][0xf1]|8[0xd1][0x9]y[0x8d][0xc]G*[0xe6] lVs[0x10]B/[0x3]l[0xb6]n[0x8e]C[0x3][0x7][0x87][0xcd]1[0xa9][0x90][0xdb][0x81]ym[0xb6]5t[0x86][0x8e]k[0xaf][0xa0]R[0xef]M[0xbf][0xf3][0xcc][0xbb][0xd6][0xfd][0xd1][0xdf]oX[0x92][0x17]D[0xf3]9'[0xc2]^[0x5][0xc9][0x82][0xe6][0xbf][0xdd]0"[0xd4][0xbb]]{[0xfe][0xb1][0xd7]]GW[0x1d],s[0x9d]q'[0x99]o`@[0xe3]J[0xed]e[0xaa][0x8] [0xd3][0x9c][0xe9][0xdb][0xbb][0xdc][0xdf]g[0x4][0xab][0xaa]`*0[0xaf]v[0x88]l6)=r<[0xaf][0xde][0x91]Yy[0x1d][0xf8][0xd9]$[0xd2]o%[0xa0][0x98]Z[0x1f][0xe6][0xe7][0xb3][0xab][0xb9][0x93][0xc7]F[0xee][0xf9][0xdb][0xab][0xf9]l[0xf6]v[0xfe][0xee][0xfc][0xdd][0xff]^[0xc0]pF[0xc6]Y9_k,[0x6][0xfb]M,R[0xc4]X[0xf0]RGd[0xe7][0xc4][0xb6]<n[0xb4][0xc3]D[0xcd][0xa4]r[0x1e][0xdd]2[0xc5][0x83][0xe6][0xbf][0xbd][0xa3][0x11]p[0x19][0x92]U+[0xc7][0xaa][0x13]23[0xda][0xf]Y[0xc3][0xaa]N[0xc5][0x83][0xf1][0x16][0xf]&[0xed][0xc3]8:[0x99][0xdf][0x1d]#4M[0x97]2[0x1c][0xaf][0x83][0x9c][0x1a][0x99][0x9c]2[0xe0][0xa1]#[0xf2][0x5]d[0xb3]kCv([0xf6][0x8c]!{d[0xb3]k+v]C[0x1f]4[0x96]D**>[0xe5][0x99][0xb3]"[0xd1]-[0x80][0xcd][0xd1]4H[0x83][[0xd0]<[0xb0][0xb7][0xf][0xec]U|;[0xdd]r`o[0xb2]=[0xf][0xa0][0xa1]wp[0x2][0x19][0xef]s[0x9a]'[0xeb][0xa6][0xf1][0x88][0xa9][0x9b][0xe][0x12]d[0xbc]_[0xb2]O$[0xc8]c[0xc6][0xdb]qX[0xc6][0x86][0x82][0x92]8[0xb6]" [0xb8][0xb8][0xa0] [0xbd][0x14]<[0x17]pu[0x85][0xb9][0xa1][0xb5][0xcc][0xb6][0x90]EqZ[0x8f]jN[0xc9][0xb3][0xd8]| [0xad][0x1a]"[0xd3]<[0xfe][0x83][0x14][0x9c][0x17]/[0x1]Hc[0x80][0xe7][0xba]g[0xf6][0x12][0x94][0xb5][0x12][0xd4][0x16][0xf4]c[0x5][0x6]c[0xc3]*[0xdb]pp{IXf[0xeb][0x3][0xbd][0xd0][0x83]""
[DEBUG] 2024-12-20 05:17:12.843 [] wire -  << ";[0xa7]R[0x92][0x84][0xe2][0x89]M?E[0xd4][0x8c][0xa5]l*[0x4][0x17][0xdb][0x8f][0xda]7[0xa2][0xb1][0xc1][0x12][0xe3][0x98]J*t[0x9d]F[0xa9]>[0x15]`[0x9b]k[0x92][0xb1][0xd8][0xc2][0x98][0xb3][0x3]M[0x6]?[0xb7][0x1d][0x14]^.[0xad][0xdd][0x94][0xc5][0xf5][0xec]P7[0xd8][0xd6]\f|[0x14][0x8e][0x8e][0xa1][0xb4]f[0xae]1[0x8f][0xe][0x98][0x9b][0xe7][0xd6]][0x3][0xdc][0xc6][0xed]$[0xfb]w[0xa8]t[\n]"
[DEBUG] 2024-12-20 05:17:12.843 [] wire -  << "[0x87][0xd5][0x9c][0x1d]=[0xb][0xd5][0xdf][0x89][0xf6][0xc9][0xce][0x1b]G[0xb5][0xef][0xb1][0xf7][0xae]u?[0xd1]/%[0xf2][0xc9][0x4][\r][0xb6][0xb][0xfb]1[0x97][0x1f]n[0x99][0x9c]^t[0x80]@[0x93]}[0x4][0xfa]w[0xb2]e[0x86]>[0x86]l[\r][0xda]w[0xe9][0x89][0xa9][0xf8][0xc3][0xc6]x,[0x13][0x1f][0x9c][0xb0][0x88]h[0xe8]lWNx[0xe6] w[0xfc]4[0xd9]uN[0xec][0x9f]4hIr'[0xa5][0xa4]>`[0x7][0xf]+[0xfb][0x8e][0x86][0xdb][0xa3][0xd4][0x8][0x13]1s[0x94][0x1a]9~[0x7]A[0xd9]o[0xcf][0xf9]F~[0xcc][0x2][0xf3][\n]"
[DEBUG] 2024-12-20 05:17:12.843 [] wire -  << "[0xee]X[0x14][0x18]x[0x0]\W[0xb5]n[0xec][0xbd][0xae][0xc6]3G[0xf3][0xf0][0xd6][0xa7][0x9c][0xe9]~B<[0xd3][0x83][0xb7][0xb9][0x88]iB[0x7][0xaa]M[0xf0]5[\r][0xd7][0xb3][0x1d]=[0x2]-[0xd1][0xe2]B[0x96]1[0xb5][0xb1][0xee]p[0x9d]i[0xe9]^gZ[0xa3][0x15][0x9a][0xde]h[0x81][0xa3]h._[0xf7][0xbf][0xb8][0x12][0xfa][0x8d][0xa8][\n]"
[DEBUG] 2024-12-20 05:17:12.843 [] wire -  << "[0xc5]0[0x96][0xed][0xa0][0x1f][0x8e]M [0xce][0xd1]w~[0xa6][0x2][\n]"
[DEBUG] 2024-12-20 05:17:12.843 [] wire -  << "sRD[0xd4][0xba][0x11]`IZ[0x13]&[0xbc][0x1f][0xea][0xf6]xQ[0xb1],[0xd6][0xf3][\r][0xf4][0xa3][0xb][0xaa][0xc0][0xa6][0xac]y[0x11][0x97][0x9c][0xe1][0x18]|^[0x90]l#Y=M[0xfa]i#[0x18].[0xc7][0xe4]5Zf[0xfa][0x82][0xe]=4x[0xb5]d[0x9f][0xac][0xa6]3X[0x9][0xc5]`[0xc5][0xdc][0xd9][0xb4][0xef]KS[0x83]Ao([0xcf][0xb8]f[0x17][0x10][0x19][0x91]R[0x9a]]a[0xd6][0x9d]Y3[0xba]fp[0x0][0x9e][0xbf]#y[0x18][0x13]=%3Z[0xd3][0x95][0xc][0xf5][0xe8][0x16][0xfb][0xfe][0xf2][0xb1][0xf7][0xf4][0xd4]c[0xa6][0x19]>[0x1b][0xe4][0xeb]`[0xfe]<5d[0xf3][0xf1][0x15]J[0x7][0xfe]C'[0xfb][0xab][0xc0]][0x81][0x1e][0x83]\b[0xea]%XX[0xa1]X[0xa5]V[0xb5]z[0xcd][0xf5][0x8d][0x1][0xae]![0x19][0x92][0x86][0x9][0xb8]Q[0xf][0xc9][0xcc][0xd7][0xb5][0xdb][0xbf][0xdc][0x89][0xf5][0xd9][0xf6]q [0xba][0xd6][0xa0][0xc3][0x84]}[0xbc][0xfa][0x1][0x97][0x15][0xcd]-[0x8]B[0xfe][0xea]Up[0xf2]5[0x87][0xa9]hAq[0xc5][0x82][0x99][0x13][0xae][0x93][0xdc][0xe9][0xe0][0xcc]q[0x9c][0x83]k,=;2W[0x9b][0x11]G%[0xf7][0x82][0xf1][0xe7][0xff][0x3] [0xcb]][0x1b][0xdf] [0x0][0x0]"
[DEBUG] 2024-12-20 05:17:12.843 [] RestAssuredHttpBuilder - Parsed data to instance of: class org.apache.http.conn.EofSensorInputStream
[DEBUG] 2024-12-20 05:17:12.938 [] BasicClientConnectionManager - Releasing connection org.apache.http.impl.conn.ManagedClientConnectionImpl@5e008f32
[DEBUG] 2024-12-20 05:17:12.939 [] BasicClientConnectionManager - Connection can be kept alive indefinitely
[INFO ] 2024-12-20 05:17:13.647 [] ReportManager - You're using the latest engine version "8.4.20241024". ðŸ‘
[INFO ] 2024-12-20 05:17:15.047 [main] ReportManager - Successfully Opened: "Windows | Chrome".
[INFO ] 2024-12-20 05:17:15.639 [main] ReportManager - Successfully created attachment 'SHAFT Engine Logs - Current Method log: navigate'
[DEBUG] 2024-12-20 05:17:15.841 [Finalizer] DefaultClientConnection - Connection 0.0.0.0:57676<->140.82.121.5:443 closed
[INFO ] 2024-12-20 05:17:15.898 [main] ReportManager - 
[0;7m------------------------------------------------------------------------------------------------------------------------------------------------
                                        Starting Execution: '1 out of 4' test cases in the current suite                                        
                                            Test Method: 'Web_GUI_Test_Automation.First_Test.Test_1'                                            
------------------------------------------------------------------------------------------------------------------------------------------------
[0m
[INFO ] 2024-12-20 05:17:15.915 [main] ReportManager - Target URL: "https://www.google.com/ncr"
[INFO ] 2024-12-20 05:17:15.928 [main] ReportManager - Initial URL: "about:blank"
[INFO ] 2024-12-20 05:17:18.978 [main] ReportManager - Navigate to url "https://www.google.com/ncr".
[INFO ] 2024-12-20 05:17:18.994 [main] ReportManager - Verify that the browser title is equal to "Google".
[DEBUG] 2024-12-20 05:17:19.023 [main] ReportManager - Expected "Google", and actual "Google"
[INFO ] 2024-12-20 05:17:19.799 [main] ReportManager - Successfully created attachment 'Screenshot - Verify_05-17-19-798_20122024'
[INFO ] 2024-12-20 05:17:19.800 [main] ReportManager - Expected "Google", and actual "Google"
[INFO ] 2024-12-20 05:17:19.800 [main] ReportManager - Verification passed
[INFO ] 2024-12-20 05:17:19.835 [main] ReportManager - Verify that the element located by "By.xpath: //div[@id="SIvCob"]" exists.
[DEBUG] 2024-12-20 05:17:19.884 [main] ReportManager - Expected "true", and actual "true"
[INFO ] 2024-12-20 05:17:20.185 [main] ReportManager - Successfully created attachment 'Screenshot - Verify_05-17-20-183_20122024'
[INFO ] 2024-12-20 05:17:20.185 [main] ReportManager - Expected "true", and actual "true"
[INFO ] 2024-12-20 05:17:20.185 [main] ReportManager - Verification passed
[INFO ] 2024-12-20 05:17:20.187 [main] ReportManager - Assert that the element located by "By.xpath: //div[@id="SIvCob"]" text contains "Google".
[DEBUG] 2024-12-20 05:17:20.250 [main] ReportManager - Expected "Google", and actual "Google offered in: Ø§Ù„Ø¹Ø±Ø¨ÙŠØ©"
[INFO ] 2024-12-20 05:17:20.475 [main] ReportManager - Successfully created attachment 'Screenshot - Assert_05-17-20-474_20122024'
[INFO ] 2024-12-20 05:17:20.476 [main] ReportManager - Expected "Google", and actual "Google offered in: Ø§Ù„Ø¹Ø±Ø¨ÙŠØ©"
[INFO ] 2024-12-20 05:17:20.476 [main] ReportManager - Assertion passed
[INFO ] 2024-12-20 05:17:20.551 [main] ReportManager - Clear "Search".
[INFO ] 2024-12-20 05:17:20.645 [main] ReportManager - Type "Search"
[INFO ] 2024-12-20 05:17:20.849 [main] ReportManager - Key press "ENTER" against "Search".
[INFO ] 2024-12-20 05:17:20.881 [main] ReportManager - Verify that the element located by "By.xpath: (//span[@class="JCzEY tNxQIb"]/span[@class="CSkcDe"])[1]" exists.
[DEBUG] 2024-12-20 05:17:23.227 [main] ReportManager - Expected "true", and actual "true"
[INFO ] 2024-12-20 05:17:23.847 [main] ReportManager - Successfully created attachment 'Screenshot - Verify_05-17-23-845_20122024'
[INFO ] 2024-12-20 05:17:23.848 [main] ReportManager - Expected "true", and actual "true"
[INFO ] 2024-12-20 05:17:23.848 [main] ReportManager - Verification passed
[INFO ] 2024-12-20 05:17:23.849 [main] ReportManager - Assert that the element located by "By.xpath: (//span[@class="JCzEY tNxQIb"]/span[@class="CSkcDe"])[1]" text contains "What is Selenium WebDriver for?".
[DEBUG] 2024-12-20 05:17:23.905 [main] ReportManager - Expected "What is Selenium WebDriver for?", and actual "What is Selenium WebDriver for?"
[INFO ] 2024-12-20 05:17:24.401 [main] ReportManager - Successfully created attachment 'Screenshot - Assert_05-17-24-399_20122024'
[INFO ] 2024-12-20 05:17:24.402 [main] ReportManager - Expected "What is Selenium WebDriver for?", and actual "What is Selenium WebDriver for?"
[INFO ] 2024-12-20 05:17:24.402 [main] ReportManager - Assertion passed
[INFO ] 2024-12-20 05:17:24.406 [main] ReportManager - Successfully created attachment 'SHAFT Engine Logs - Current Method log: Test_1'
[INFO ] 2024-12-20 05:17:24.406 [main] ReportManager - 
[0;7m------------------------------------------------------------------------------------------------------------------------------------------------
                                 Finished Execution of Test Method: 'Web_GUI_Test_Automation.First_Test.Test_1'                                 
                                                              Test Status: 'Passed'                                                              
------------------------------------------------------------------------------------------------------------------------------------------------
[0m
[INFO ] 2024-12-20 05:17:24.481 [main] ReportManager - 
[0;7m------------------------------------------------------------------------------------------------------------------------------------------------
                                            Starting execution of close browser configuration method                                            
                                                'Web_GUI_Test_Automation.First_Test.CloseBrowser'                                                
------------------------------------------------------------------------------------------------------------------------------------------------
[0m
[INFO ] 2024-12-20 05:17:25.438 [main] ReportManager - Successfully Closed Driver.
[INFO ] 2024-12-20 05:17:25.439 [main] ReportManager - Successfully created attachment 'SHAFT Engine Logs - Current Method log: CloseBrowser'
[INFO ] 2024-12-20 05:17:25.444 [main] ReportManager - 
[0;7m------------------------------------------------------------------------------------------------------------------------------------------------
                                        Starting Execution: '2 out of 4' test cases in the current suite                                        
                                   Test Method: 'API_Test_Automation.GetCatFact.GettingCatFactAndVerifyingIt'                                   
------------------------------------------------------------------------------------------------------------------------------------------------
[0m
[DEBUG] 2024-12-20 05:17:25.614 [main] cache - Couldn't find template in cache for "http-request.ftl"("en_US", UTF-8, parsed); will try to load it.
[DEBUG] 2024-12-20 05:17:25.615 [main] cache - TemplateLoader.findTemplateSource("http-request.ftl"): Found
[DEBUG] 2024-12-20 05:17:25.616 [main] cache - Loading template for "http-request.ftl"("en_US", UTF-8, parsed) from "jar:file:/C:/Users/giga/.m2/repository/io/qameta/allure/allure-attachments/2.29.0/allure-attachments-2.29.0.jar!/tpl/http-request.ftl"
[DEBUG] 2024-12-20 05:17:25.771 [main] BasicClientConnectionManager - Get connection for route {s}->https://cat-fact.herokuapp.com:443
[DEBUG] 2024-12-20 05:17:25.838 [main] DefaultClientConnectionOperator - Connecting to cat-fact.herokuapp.com:443
[DEBUG] 2024-12-20 05:17:26.408 [main] RequestAddCookies - CookieSpec selected: ignoreCookies
[DEBUG] 2024-12-20 05:17:26.408 [main] RequestAuthCache - Auth cache not set in the context
[DEBUG] 2024-12-20 05:17:26.408 [main] RequestTargetAuthentication - Target auth state: UNCHALLENGED
[DEBUG] 2024-12-20 05:17:26.408 [main] RequestProxyAuthentication - Proxy auth state: UNCHALLENGED
[DEBUG] 2024-12-20 05:17:26.408 [main] DefaultClientConnection - Sending request: GET /facts HTTP/1.1
[DEBUG] 2024-12-20 05:17:26.408 [main] wire -  >> "GET /facts HTTP/1.1[\r][\n]"
[DEBUG] 2024-12-20 05:17:26.408 [main] wire -  >> "Content-Type: application/json; charset=UTF-8[\r][\n]"
[DEBUG] 2024-12-20 05:17:26.408 [main] wire -  >> "Accept: */*[\r][\n]"
[DEBUG] 2024-12-20 05:17:26.408 [main] wire -  >> "Host: cat-fact.herokuapp.com[\r][\n]"
[DEBUG] 2024-12-20 05:17:26.408 [main] wire -  >> "Connection: Keep-Alive[\r][\n]"
[DEBUG] 2024-12-20 05:17:26.408 [main] wire -  >> "User-Agent: Apache-HttpClient/4.5.13 (Java/21.0.2)[\r][\n]"
[DEBUG] 2024-12-20 05:17:26.408 [main] wire -  >> "Accept-Encoding: gzip,deflate[\r][\n]"
[DEBUG] 2024-12-20 05:17:26.408 [main] wire -  >> "[\r][\n]"
[DEBUG] 2024-12-20 05:17:26.408 [main] headers - >> GET /facts HTTP/1.1
[DEBUG] 2024-12-20 05:17:26.408 [main] headers - >> Content-Type: application/json; charset=UTF-8
[DEBUG] 2024-12-20 05:17:26.408 [main] headers - >> Accept: */*
[DEBUG] 2024-12-20 05:17:26.408 [main] headers - >> Host: cat-fact.herokuapp.com
[DEBUG] 2024-12-20 05:17:26.409 [main] headers - >> Connection: Keep-Alive
[DEBUG] 2024-12-20 05:17:26.409 [main] headers - >> User-Agent: Apache-HttpClient/4.5.13 (Java/21.0.2)
[DEBUG] 2024-12-20 05:17:26.409 [main] headers - >> Accept-Encoding: gzip,deflate
[DEBUG] 2024-12-20 05:17:26.557 [main] wire -  << "HTTP/1.1 200 OK[\r][\n]"
[DEBUG] 2024-12-20 05:17:26.557 [main] wire -  << "Server: Cowboy[\r][\n]"
[DEBUG] 2024-12-20 05:17:26.557 [main] wire -  << "Report-To: {"group":"heroku-nel","max_age":3600,"endpoints":[{"url":"https://nel.heroku.com/reports?ts=1734664646&sid=929419e7-33ea-4e2f-85f0-7d8b7cd5cbd6&s=EKBcTrvqRgAn%2Fqmk2ViY2gtx%2BifgXc5ZRhOk4X62oPI%3D"}]}[\r][\n]"
[DEBUG] 2024-12-20 05:17:26.557 [main] wire -  << "Reporting-Endpoints: heroku-nel=https://nel.heroku.com/reports?ts=1734664646&sid=929419e7-33ea-4e2f-85f0-7d8b7cd5cbd6&s=EKBcTrvqRgAn%2Fqmk2ViY2gtx%2BifgXc5ZRhOk4X62oPI%3D[\r][\n]"
[DEBUG] 2024-12-20 05:17:26.557 [main] wire -  << "Nel: {"report_to":"heroku-nel","max_age":3600,"success_fraction":0.005,"failure_fraction":0.05,"response_headers":["Via"]}[\r][\n]"
[DEBUG] 2024-12-20 05:17:26.557 [main] wire -  << "Connection: keep-alive[\r][\n]"
[DEBUG] 2024-12-20 05:17:26.557 [main] wire -  << "X-Powered-By: Express[\r][\n]"
[DEBUG] 2024-12-20 05:17:26.557 [main] wire -  << "Access-Control-Allow-Origin: *[\r][\n]"
[DEBUG] 2024-12-20 05:17:26.557 [main] wire -  << "Content-Type: application/json; charset=utf-8[\r][\n]"
[DEBUG] 2024-12-20 05:17:26.557 [main] wire -  << "Content-Length: 1863[\r][\n]"
[DEBUG] 2024-12-20 05:17:26.557 [main] wire -  << "Etag: W/"747-x/u8ZT4YD7H4GhrXTZH8+n4vTKY"[\r][\n]"
[DEBUG] 2024-12-20 05:17:26.557 [main] wire -  << "Set-Cookie: connect.sid=s%3A0NFkWo9DJBz43EquZljvWeDDxrr9TfuA.mnLOH4d%2BUffMAXderUex3nYKKhR05Y1%2FnTBNPhW4ZIs; Path=/; HttpOnly[\r][\n]"
[DEBUG] 2024-12-20 05:17:26.558 [main] wire -  << "Date: Fri, 20 Dec 2024 03:17:26 GMT[\r][\n]"
[DEBUG] 2024-12-20 05:17:26.558 [main] wire -  << "Via: 1.1 vegur[\r][\n]"
[DEBUG] 2024-12-20 05:17:26.558 [main] wire -  << "[\r][\n]"
[DEBUG] 2024-12-20 05:17:26.558 [main] DefaultClientConnection - Receiving response: HTTP/1.1 200 OK
[DEBUG] 2024-12-20 05:17:26.558 [main] headers - << HTTP/1.1 200 OK
[DEBUG] 2024-12-20 05:17:26.558 [main] headers - << Server: Cowboy
[DEBUG] 2024-12-20 05:17:26.558 [main] headers - << Report-To: {"group":"heroku-nel","max_age":3600,"endpoints":[{"url":"https://nel.heroku.com/reports?ts=1734664646&sid=929419e7-33ea-4e2f-85f0-7d8b7cd5cbd6&s=EKBcTrvqRgAn%2Fqmk2ViY2gtx%2BifgXc5ZRhOk4X62oPI%3D"}]}
[DEBUG] 2024-12-20 05:17:26.558 [main] headers - << Reporting-Endpoints: heroku-nel=https://nel.heroku.com/reports?ts=1734664646&sid=929419e7-33ea-4e2f-85f0-7d8b7cd5cbd6&s=EKBcTrvqRgAn%2Fqmk2ViY2gtx%2BifgXc5ZRhOk4X62oPI%3D
[DEBUG] 2024-12-20 05:17:26.558 [main] headers - << Nel: {"report_to":"heroku-nel","max_age":3600,"success_fraction":0.005,"failure_fraction":0.05,"response_headers":["Via"]}
[DEBUG] 2024-12-20 05:17:26.558 [main] headers - << Connection: keep-alive
[DEBUG] 2024-12-20 05:17:26.558 [main] headers - << X-Powered-By: Express
[DEBUG] 2024-12-20 05:17:26.558 [main] headers - << Access-Control-Allow-Origin: *
[DEBUG] 2024-12-20 05:17:26.558 [main] headers - << Content-Type: application/json; charset=utf-8
[DEBUG] 2024-12-20 05:17:26.558 [main] headers - << Content-Length: 1863
[DEBUG] 2024-12-20 05:17:26.558 [main] headers - << Etag: W/"747-x/u8ZT4YD7H4GhrXTZH8+n4vTKY"
[DEBUG] 2024-12-20 05:17:26.558 [main] headers - << Set-Cookie: connect.sid=s%3A0NFkWo9DJBz43EquZljvWeDDxrr9TfuA.mnLOH4d%2BUffMAXderUex3nYKKhR05Y1%2FnTBNPhW4ZIs; Path=/; HttpOnly
[DEBUG] 2024-12-20 05:17:26.558 [main] headers - << Date: Fri, 20 Dec 2024 03:17:26 GMT
[DEBUG] 2024-12-20 05:17:26.558 [main] headers - << Via: 1.1 vegur
[DEBUG] 2024-12-20 05:17:26.558 [main] RestAssuredHttpBuilder - Parsing response as: application/json; charset=utf-8
[DEBUG] 2024-12-20 05:17:26.558 [main] RestAssuredHttpBuilder - Parsed data to instance of: class org.apache.http.conn.EofSensorInputStream
[DEBUG] 2024-12-20 05:17:26.574 [main] wire -  << "[{"status":{"verified":true,"sentCount":1},"_id":"58e008780aac31001185ed05","user":"58e007480aac31001185ecef","text":"Owning a cat can reduce the risk of stroke and heart attack by a third.","__v":0,"source":"user","updatedAt":"2020-08-23T20:20:01.611Z","type":"cat","createdAt":"2018-03-29T20:20:03.844Z","deleted":false,"used":false},{"status":{"verified":true,"sentCount":1},"_id":"58e009390aac31001185ed10","user":"58e007480aac31001185ecef","text":"Most cats are lactose intolerant, and milk can cause painful stomach cramps and diarrhea. It's best to forego the milk and just give your cat the standard: clean, cool drinking water.","__v":0,"source":"user","updatedAt":"2020-08-23T20:20:01.611Z","type":"cat","createdAt":"2018-03-04T21:20:02.979Z","deleted":false,"used":false},{"status":{"verified":true,"sentCount":1},"_id":"588e746706ac2b00110e59ff","user":"588e6e8806ac2b00110e59c3","text":"Domestic cats spend about 70 percent of the day sleeping and 15 percent of the day grooming.","__v":0,"source":"user","updatedAt":"2020-08-26T20:20:02.359Z","type":"cat","createdAt":"2018-01-14T21:20:02.750Z","deleted":false,"used":true},{"status":{"verified":true,"sentCount":1},"_id":"58e008ad0aac31001185ed0c","user":"58e007480aac31001185ecef","text":"The frequency of a domestic cat's purr is the same at which muscles and bones repair themselves.","__v":0,"source":"user","updatedAt":"2020-08-24T20:20:01.867Z","type":"cat","createdAt":"2018-03-15T20:20:03.281Z","deleted":false,"used":true},{"status":{"verified":true,"sentCount":1},"_id":"58e007cc0aac31001185ecf5","user":"58e007480aac31001185ecef","text":"Cats are the most popular pet in the United States: There are 88 million pet cats and 74 million dogs.","__v":0,"source":"user","updatedAt":"2020-08-23T20:20:01.611Z","type":"cat","createdAt":"2018-03-01T21:20:02.713Z","deleted":false,"used":false}]"
[DEBUG] 2024-12-20 05:17:26.574 [main] BasicClientConnectionManager - Releasing connection org.apache.http.impl.conn.ManagedClientConnectionImpl@21f8693e
[DEBUG] 2024-12-20 05:17:26.574 [main] BasicClientConnectionManager - Connection can be kept alive indefinitely
[DEBUG] 2024-12-20 05:17:26.603 [main] cache - Couldn't find template in cache for "http-response.ftl"("en_US", UTF-8, parsed); will try to load it.
[DEBUG] 2024-12-20 05:17:26.603 [main] cache - TemplateLoader.findTemplateSource("http-response.ftl"): Found
[DEBUG] 2024-12-20 05:17:26.604 [main] cache - Loading template for "http-response.ftl"("en_US", UTF-8, parsed) from "jar:file:/C:/Users/giga/.m2/repository/io/qameta/allure/allure-attachments/2.29.0/allure-attachments-2.29.0.jar!/tpl/http-response.ftl"
[INFO ] 2024-12-20 05:17:26.614 [main] ReportManager - Response status code: "200", status line: "HTTP/1.1 200 OK"
[INFO ] 2024-12-20 05:17:26.615 [main] ReportManager - Actual response status code "200" is successful (Between 200 and 299).
[INFO ] 2024-12-20 05:17:26.642 [main] ReportManager - Handle response; GET | Response Time: 800ms.
[DEBUG] 2024-12-20 05:17:26.704 [main] CompiledPath - Evaluating path: $[1]['text']
[INFO ] 2024-12-20 05:17:26.708 [main] ReportManager - Get response jsonvalue; [1].text.
[DEBUG] 2024-12-20 05:17:26.710 [main] CompiledPath - Evaluating path: $[1]['_id']
[INFO ] 2024-12-20 05:17:26.711 [main] ReportManager - Get response jsonvalue; [1]._id.
[DEBUG] 2024-12-20 05:17:26.722 [main] cache - Couldn't find template in cache for "http-request.ftl"("en_US", UTF-8, parsed); will try to load it.
[DEBUG] 2024-12-20 05:17:26.722 [main] cache - TemplateLoader.findTemplateSource("http-request.ftl"): Found
[DEBUG] 2024-12-20 05:17:26.722 [main] cache - Loading template for "http-request.ftl"("en_US", UTF-8, parsed) from "jar:file:/C:/Users/giga/.m2/repository/io/qameta/allure/allure-attachments/2.29.0/allure-attachments-2.29.0.jar!/tpl/http-request.ftl"
[DEBUG] 2024-12-20 05:17:26.733 [main] BasicClientConnectionManager - Get connection for route {s}->https://cat-fact.herokuapp.com:443
[DEBUG] 2024-12-20 05:17:26.733 [main] DefaultClientConnectionOperator - Connecting to cat-fact.herokuapp.com:443
[DEBUG] 2024-12-20 05:17:27.297 [main] RequestAddCookies - CookieSpec selected: ignoreCookies
[DEBUG] 2024-12-20 05:17:27.297 [main] RequestAuthCache - Auth cache not set in the context
[DEBUG] 2024-12-20 05:17:27.297 [main] RequestTargetAuthentication - Target auth state: UNCHALLENGED
[DEBUG] 2024-12-20 05:17:27.297 [main] RequestProxyAuthentication - Proxy auth state: UNCHALLENGED
[DEBUG] 2024-12-20 05:17:27.297 [main] DefaultClientConnection - Sending request: GET /facts/58e009390aac31001185ed10 HTTP/1.1
[DEBUG] 2024-12-20 05:17:27.297 [main] wire -  >> "GET /facts/58e009390aac31001185ed10 HTTP/1.1[\r][\n]"
[DEBUG] 2024-12-20 05:17:27.297 [main] wire -  >> "Content-Type: application/json; charset=UTF-8[\r][\n]"
[DEBUG] 2024-12-20 05:17:27.297 [main] wire -  >> "Cookie: connect.sid=s%3A0NFkWo9DJBz43EquZljvWeDDxrr9TfuA.mnLOH4d%2BUffMAXderUex3nYKKhR05Y1%2FnTBNPhW4ZIs[\r][\n]"
[DEBUG] 2024-12-20 05:17:27.297 [main] wire -  >> "Accept: */*[\r][\n]"
[DEBUG] 2024-12-20 05:17:27.297 [main] wire -  >> "Set-Cookie: connect.sid=s%3A0NFkWo9DJBz43EquZljvWeDDxrr9TfuA.mnLOH4d%2BUffMAXderUex3nYKKhR05Y1%2FnTBNPhW4ZIs; Path=/; HttpOnly[\r][\n]"
[DEBUG] 2024-12-20 05:17:27.297 [main] wire -  >> "Host: cat-fact.herokuapp.com[\r][\n]"
[DEBUG] 2024-12-20 05:17:27.297 [main] wire -  >> "Connection: Keep-Alive[\r][\n]"
[DEBUG] 2024-12-20 05:17:27.297 [main] wire -  >> "User-Agent: Apache-HttpClient/4.5.13 (Java/21.0.2)[\r][\n]"
[DEBUG] 2024-12-20 05:17:27.297 [main] wire -  >> "Accept-Encoding: gzip,deflate[\r][\n]"
[DEBUG] 2024-12-20 05:17:27.297 [main] wire -  >> "[\r][\n]"
[DEBUG] 2024-12-20 05:17:27.297 [main] headers - >> GET /facts/58e009390aac31001185ed10 HTTP/1.1
[DEBUG] 2024-12-20 05:17:27.297 [main] headers - >> Content-Type: application/json; charset=UTF-8
[DEBUG] 2024-12-20 05:17:27.298 [main] headers - >> Cookie: connect.sid=s%3A0NFkWo9DJBz43EquZljvWeDDxrr9TfuA.mnLOH4d%2BUffMAXderUex3nYKKhR05Y1%2FnTBNPhW4ZIs
[DEBUG] 2024-12-20 05:17:27.298 [main] headers - >> Accept: */*
[DEBUG] 2024-12-20 05:17:27.298 [main] headers - >> Set-Cookie: connect.sid=s%3A0NFkWo9DJBz43EquZljvWeDDxrr9TfuA.mnLOH4d%2BUffMAXderUex3nYKKhR05Y1%2FnTBNPhW4ZIs; Path=/; HttpOnly
[DEBUG] 2024-12-20 05:17:27.298 [main] headers - >> Host: cat-fact.herokuapp.com
[DEBUG] 2024-12-20 05:17:27.298 [main] headers - >> Connection: Keep-Alive
[DEBUG] 2024-12-20 05:17:27.298 [main] headers - >> User-Agent: Apache-HttpClient/4.5.13 (Java/21.0.2)
[DEBUG] 2024-12-20 05:17:27.298 [main] headers - >> Accept-Encoding: gzip,deflate
[DEBUG] 2024-12-20 05:17:27.454 [main] wire -  << "HTTP/1.1 200 OK[\r][\n]"
[DEBUG] 2024-12-20 05:17:27.454 [main] wire -  << "Server: Cowboy[\r][\n]"
[DEBUG] 2024-12-20 05:17:27.454 [main] wire -  << "Report-To: {"group":"heroku-nel","max_age":3600,"endpoints":[{"url":"https://nel.heroku.com/reports?ts=1734664646&sid=929419e7-33ea-4e2f-85f0-7d8b7cd5cbd6&s=EKBcTrvqRgAn%2Fqmk2ViY2gtx%2BifgXc5ZRhOk4X62oPI%3D"}]}[\r][\n]"
[DEBUG] 2024-12-20 05:17:27.454 [main] wire -  << "Reporting-Endpoints: heroku-nel=https://nel.heroku.com/reports?ts=1734664646&sid=929419e7-33ea-4e2f-85f0-7d8b7cd5cbd6&s=EKBcTrvqRgAn%2Fqmk2ViY2gtx%2BifgXc5ZRhOk4X62oPI%3D[\r][\n]"
[DEBUG] 2024-12-20 05:17:27.454 [main] wire -  << "Nel: {"report_to":"heroku-nel","max_age":3600,"success_fraction":0.005,"failure_fraction":0.05,"response_headers":["Via"]}[\r][\n]"
[DEBUG] 2024-12-20 05:17:27.454 [main] wire -  << "Connection: keep-alive[\r][\n]"
[DEBUG] 2024-12-20 05:17:27.454 [main] wire -  << "X-Powered-By: Express[\r][\n]"
[DEBUG] 2024-12-20 05:17:27.454 [main] wire -  << "Access-Control-Allow-Origin: *[\r][\n]"
[DEBUG] 2024-12-20 05:17:27.454 [main] wire -  << "Content-Type: application/json; charset=utf-8[\r][\n]"
[DEBUG] 2024-12-20 05:17:27.454 [main] wire -  << "Content-Length: 607[\r][\n]"
[DEBUG] 2024-12-20 05:17:27.454 [main] wire -  << "Etag: W/"25f-zcjpMZ2r8DOvJMY8UmFqHq2h+Hc"[\r][\n]"
[DEBUG] 2024-12-20 05:17:27.454 [main] wire -  << "Set-Cookie: connect.sid=s%3AFC_psqHUEUU13z0_-Z0b-Ch2wKUkHEiq.8rCNZMLO4773sQTq52w%2BW9pSm2vsUbOqvSFul8EMNcM; Path=/; HttpOnly[\r][\n]"
[DEBUG] 2024-12-20 05:17:27.455 [main] wire -  << "Date: Fri, 20 Dec 2024 03:17:26 GMT[\r][\n]"
[DEBUG] 2024-12-20 05:17:27.455 [main] wire -  << "Via: 1.1 vegur[\r][\n]"
[DEBUG] 2024-12-20 05:17:27.455 [main] wire -  << "[\r][\n]"
[DEBUG] 2024-12-20 05:17:27.455 [main] DefaultClientConnection - Receiving response: HTTP/1.1 200 OK
[DEBUG] 2024-12-20 05:17:27.455 [main] headers - << HTTP/1.1 200 OK
[DEBUG] 2024-12-20 05:17:27.455 [main] headers - << Server: Cowboy
[DEBUG] 2024-12-20 05:17:27.455 [main] headers - << Report-To: {"group":"heroku-nel","max_age":3600,"endpoints":[{"url":"https://nel.heroku.com/reports?ts=1734664646&sid=929419e7-33ea-4e2f-85f0-7d8b7cd5cbd6&s=EKBcTrvqRgAn%2Fqmk2ViY2gtx%2BifgXc5ZRhOk4X62oPI%3D"}]}
[DEBUG] 2024-12-20 05:17:27.455 [main] headers - << Reporting-Endpoints: heroku-nel=https://nel.heroku.com/reports?ts=1734664646&sid=929419e7-33ea-4e2f-85f0-7d8b7cd5cbd6&s=EKBcTrvqRgAn%2Fqmk2ViY2gtx%2BifgXc5ZRhOk4X62oPI%3D
[DEBUG] 2024-12-20 05:17:27.455 [main] headers - << Nel: {"report_to":"heroku-nel","max_age":3600,"success_fraction":0.005,"failure_fraction":0.05,"response_headers":["Via"]}
[DEBUG] 2024-12-20 05:17:27.455 [main] headers - << Connection: keep-alive
[DEBUG] 2024-12-20 05:17:27.455 [main] headers - << X-Powered-By: Express
[DEBUG] 2024-12-20 05:17:27.455 [main] headers - << Access-Control-Allow-Origin: *
[DEBUG] 2024-12-20 05:17:27.455 [main] headers - << Content-Type: application/json; charset=utf-8
[DEBUG] 2024-12-20 05:17:27.455 [main] headers - << Content-Length: 607
[DEBUG] 2024-12-20 05:17:27.455 [main] headers - << Etag: W/"25f-zcjpMZ2r8DOvJMY8UmFqHq2h+Hc"
[DEBUG] 2024-12-20 05:17:27.455 [main] headers - << Set-Cookie: connect.sid=s%3AFC_psqHUEUU13z0_-Z0b-Ch2wKUkHEiq.8rCNZMLO4773sQTq52w%2BW9pSm2vsUbOqvSFul8EMNcM; Path=/; HttpOnly
[DEBUG] 2024-12-20 05:17:27.455 [main] headers - << Date: Fri, 20 Dec 2024 03:17:26 GMT
[DEBUG] 2024-12-20 05:17:27.455 [main] headers - << Via: 1.1 vegur
[DEBUG] 2024-12-20 05:17:27.455 [main] RestAssuredHttpBuilder - Parsing response as: application/json; charset=utf-8
[DEBUG] 2024-12-20 05:17:27.455 [main] RestAssuredHttpBuilder - Parsed data to instance of: class org.apache.http.conn.EofSensorInputStream
[DEBUG] 2024-12-20 05:17:27.456 [main] wire -  << "{"status":{"verified":true,"sentCount":1},"_id":"58e009390aac31001185ed10","user":{"name":{"first":"Kasimir","last":"Schulz"},"_id":"58e007480aac31001185ecef","photo":"https://lh6.googleusercontent.com/-BS_rskGd3kA/AAAAAAAAAAI/AAAAAAAAADg/yAxrX9QabMg/photo.jpg?sz=200"},"text":"Most cats are lactose intolerant, and milk can cause painful stomach cramps and diarrhea. It's best to forego the milk and just give your cat the standard: clean, cool drinking water.","__v":0,"source":"user","updatedAt":"2020-08-23T20:20:01.611Z","type":"cat","createdAt":"2018-03-04T21:20:02.979Z","deleted":false,"used":false}"
[DEBUG] 2024-12-20 05:17:27.456 [main] BasicClientConnectionManager - Releasing connection org.apache.http.impl.conn.ManagedClientConnectionImpl@1d628a88
[DEBUG] 2024-12-20 05:17:27.456 [main] BasicClientConnectionManager - Connection can be kept alive indefinitely
[DEBUG] 2024-12-20 05:17:27.456 [main] cache - Couldn't find template in cache for "http-response.ftl"("en_US", UTF-8, parsed); will try to load it.
[DEBUG] 2024-12-20 05:17:27.457 [main] cache - TemplateLoader.findTemplateSource("http-response.ftl"): Found
[DEBUG] 2024-12-20 05:17:27.457 [main] cache - Loading template for "http-response.ftl"("en_US", UTF-8, parsed) from "jar:file:/C:/Users/giga/.m2/repository/io/qameta/allure/allure-attachments/2.29.0/allure-attachments-2.29.0.jar!/tpl/http-response.ftl"
[INFO ] 2024-12-20 05:17:27.459 [main] ReportManager - Response status code: "200", status line: "HTTP/1.1 200 OK"
[INFO ] 2024-12-20 05:17:27.459 [main] ReportManager - Actual response status code "200" is successful (Between 200 and 299).
[INFO ] 2024-12-20 05:17:27.473 [main] ReportManager - Handle response; GET | Response Time: 730ms.
[DEBUG] 2024-12-20 05:17:27.473 [main] CompiledPath - Evaluating path: $['text']
[INFO ] 2024-12-20 05:17:27.474 [main] ReportManager - Get response jsonvalue; text.
[INFO ] 2024-12-20 05:17:27.475 [main] ReportManager - Successfully created attachment 'SHAFT Engine Logs - Current Method log: GettingCatFactAndVerifyingIt'
[INFO ] 2024-12-20 05:17:27.475 [main] ReportManager - 
[0;7m------------------------------------------------------------------------------------------------------------------------------------------------
                        Finished Execution of Test Method: 'API_Test_Automation.GetCatFact.GettingCatFactAndVerifyingIt'                        
                                                              Test Status: 'Passed'                                                              
------------------------------------------------------------------------------------------------------------------------------------------------
[0m
[INFO ] 2024-12-20 05:17:27.479 [main] ReportManager - 
[0;7m------------------------------------------------------------------------------------------------------------------------------------------------
                                               Starting execution of navigate configuration method                                               
                                                 'Web_GUI_Test_Automation.Second_Test.navigate'                                                 
------------------------------------------------------------------------------------------------------------------------------------------------
[0m
[INFO ] 2024-12-20 05:17:27.481 [main] ReportManager - Setting "targetOperatingSystem" property with "windows".
[INFO ] 2024-12-20 05:17:27.483 [main] ReportManager - Setting "screenshotParams_scalingFactor" property with "1.0".
[INFO ] 2024-12-20 05:17:27.995 [main] ReportManager - Capabilities {acceptInsecureCerts: true, browserName: chrome, goog:chromeOptions: {args: [--disable-search-engine-cho..., --remote-allow-origins=*, --enable-automation, --disable-background-timer-..., --disable-backgrounding-occ..., --disable-features=Optimiza..., --disable-hang-monitor, --disable-domain-reliability, --disable-renderer-backgrou..., --metrics-recording-only, --no-first-run, --no-default-browser-check, --silent-debugger-extension..., --disable-extensions, --disable-component-extensi..., --disable-dev-shm-usage, --disable-ipc-flooding-prot..., --disable-background-networ..., --mute-audio, --disable-breakpad, --ignore-certificate-errors, --disable-device-discovery-..., --force-color-profile=srgb, --hide-scrollbars, --host-resolver-rules, --no-pings, --disable-sync, --disable-field-trial-config, --enable-features=NetworkSe..., --enable-features=NetworkSe..., --enable-use-zoom-for-dsf, --log-net-log, --net-log-capture-mode, --disable-client-side-phish..., --disable-default-apps, --remote-debugging-pipe, --no-sandbox, --start-maximized], extensions: [], prefs: {download.default_directory: E:\MohamedTarekEmbeddedAndS..., download.prompt_for_download: false, profile.default_content_settings.popups: 0}}, pageLoadStrategy: normal, timeouts: {pageLoad: 60000, script: 60000}, unhandledPromptBehavior: ignore, webSocketUrl: true}
[INFO ] 2024-12-20 05:17:27.996 [main] ReportManager - Attempting to run locally on: "Windows | Chrome".
[INFO ] 2024-12-20 05:17:27.996 [main] ReportManager - Identifying OS/Driver combination. Please note that if a new browser/driver executable will be downloaded it may take some time depending on your connection...
[INFO ] 2024-12-20 05:17:29.319 [main] ReportManager - Successfully Opened: "Windows | Chrome".
[INFO ] 2024-12-20 05:17:29.363 [main] ReportManager - Successfully created attachment 'SHAFT Engine Logs - Current Method log: navigate'
[INFO ] 2024-12-20 05:17:29.367 [main] ReportManager - 
[0;7m------------------------------------------------------------------------------------------------------------------------------------------------
                                        Starting Execution: '3 out of 4' test cases in the current suite                                        
                                            Test Method: 'Web_GUI_Test_Automation.Second_Test.Test_2'                                            
------------------------------------------------------------------------------------------------------------------------------------------------
[0m
[INFO ] 2024-12-20 05:17:29.368 [main] ReportManager - Target URL: "https://the-internet.herokuapp.com/"
[INFO ] 2024-12-20 05:17:29.377 [main] ReportManager - Initial URL: "about:blank"
[INFO ] 2024-12-20 05:17:32.762 [main] ReportManager - Navigate to url "https://the-internet.herokuapp.com/".
[INFO ] 2024-12-20 05:17:32.763 [main] ReportManager - Verify that the browser title is equal to "The Internet".
[DEBUG] 2024-12-20 05:17:32.769 [main] ReportManager - Expected "The Internet", and actual "The Internet"
[DEBUG] 2024-12-20 05:17:32.870 [Finalizer] DefaultClientConnection - Connection 0.0.0.0:57706<->3.216.88.24:443 closed
[INFO ] 2024-12-20 05:17:32.992 [main] ReportManager - Successfully created attachment 'Screenshot - Verify_05-17-32-991_20122024'
[INFO ] 2024-12-20 05:17:32.992 [main] ReportManager - Expected "The Internet", and actual "The Internet"
[INFO ] 2024-12-20 05:17:32.993 [main] ReportManager - Verification passed
[INFO ] 2024-12-20 05:17:33.013 [main] ReportManager - Verify that the element located by "By.cssSelector: h1[class="heading"]" exists.
[DEBUG] 2024-12-20 05:17:33.052 [main] ReportManager - Expected "true", and actual "true"
[INFO ] 2024-12-20 05:17:33.406 [main] ReportManager - Successfully created attachment 'Screenshot - Verify_05-17-33-385_20122024'
[INFO ] 2024-12-20 05:17:33.407 [main] ReportManager - Expected "true", and actual "true"
[INFO ] 2024-12-20 05:17:33.407 [main] ReportManager - Verification passed
[INFO ] 2024-12-20 05:17:33.408 [main] ReportManager - Assert that the element located by "By.cssSelector: h1[class="heading"]" text contains "Welcome to the-internet".
[DEBUG] 2024-12-20 05:17:33.458 [main] ReportManager - Expected "Welcome to the-internet", and actual "Welcome to the-internet"
[INFO ] 2024-12-20 05:17:33.763 [main] ReportManager - Successfully created attachment 'Screenshot - Assert_05-17-33-762_20122024'
[INFO ] 2024-12-20 05:17:33.764 [main] ReportManager - Expected "Welcome to the-internet", and actual "Welcome to the-internet"
[INFO ] 2024-12-20 05:17:33.764 [main] ReportManager - Assertion passed
[INFO ] 2024-12-20 05:17:34.242 [main] ReportManager - Click "File Upload"
[INFO ] 2024-12-20 05:17:34.302 [main] ReportManager - Type "Choose File"
[INFO ] 2024-12-20 05:17:35.048 [main] ReportManager - Click "Upload"
[INFO ] 2024-12-20 05:17:35.070 [main] ReportManager - Verify that the element located by "By.cssSelector: div[class="example"]>h3" exists.
[DEBUG] 2024-12-20 05:17:35.100 [main] ReportManager - Expected "true", and actual "true"
[INFO ] 2024-12-20 05:17:35.267 [main] ReportManager - Successfully created attachment 'Screenshot - Verify_05-17-35-267_20122024'
[INFO ] 2024-12-20 05:17:35.267 [main] ReportManager - Expected "true", and actual "true"
[INFO ] 2024-12-20 05:17:35.268 [main] ReportManager - Verification passed
[INFO ] 2024-12-20 05:17:35.269 [main] ReportManager - Assert that the element located by "By.cssSelector: div[class="example"]>h3" text contains "File Uploaded!".
[DEBUG] 2024-12-20 05:17:35.317 [main] ReportManager - Expected "File Uploaded!", and actual "File Uploaded!"
[INFO ] 2024-12-20 05:17:35.532 [main] ReportManager - Successfully created attachment 'Screenshot - Assert_05-17-35-531_20122024'
[INFO ] 2024-12-20 05:17:35.532 [main] ReportManager - Expected "File Uploaded!", and actual "File Uploaded!"
[INFO ] 2024-12-20 05:17:35.532 [main] ReportManager - Assertion passed
[INFO ] 2024-12-20 05:17:35.547 [main] ReportManager - Verify that the element located by "By.id: uploaded-files" exists.
[DEBUG] 2024-12-20 05:17:35.577 [main] ReportManager - Expected "true", and actual "true"
[INFO ] 2024-12-20 05:17:35.736 [main] ReportManager - Successfully created attachment 'Screenshot - Verify_05-17-35-735_20122024'
[INFO ] 2024-12-20 05:17:35.736 [main] ReportManager - Expected "true", and actual "true"
[INFO ] 2024-12-20 05:17:35.736 [main] ReportManager - Verification passed
[INFO ] 2024-12-20 05:17:35.737 [main] ReportManager - Assert that the element located by "By.id: uploaded-files" text contains "selenium.png".
[DEBUG] 2024-12-20 05:17:35.788 [main] ReportManager - Expected "selenium.png", and actual "selenium.png"
[INFO ] 2024-12-20 05:17:35.941 [main] ReportManager - Successfully created attachment 'Screenshot - Assert_05-17-35-941_20122024'
[INFO ] 2024-12-20 05:17:35.941 [main] ReportManager - Expected "selenium.png", and actual "selenium.png"
[INFO ] 2024-12-20 05:17:35.941 [main] ReportManager - Assertion passed
[INFO ] 2024-12-20 05:17:35.943 [main] ReportManager - Successfully created attachment 'SHAFT Engine Logs - Current Method log: Test_2'
[INFO ] 2024-12-20 05:17:35.944 [main] ReportManager - 
[0;7m------------------------------------------------------------------------------------------------------------------------------------------------
                                 Finished Execution of Test Method: 'Web_GUI_Test_Automation.Second_Test.Test_2'                                 
                                                              Test Status: 'Passed'                                                              
------------------------------------------------------------------------------------------------------------------------------------------------
[0m
[INFO ] 2024-12-20 05:17:35.948 [main] ReportManager - 
[0;7m------------------------------------------------------------------------------------------------------------------------------------------------
                                            Starting execution of close browser configuration method                                            
                                               'Web_GUI_Test_Automation.Second_Test.CloseBrowser'                                               
------------------------------------------------------------------------------------------------------------------------------------------------
[0m
[INFO ] 2024-12-20 05:17:36.946 [main] ReportManager - Successfully Closed Driver.
[INFO ] 2024-12-20 05:17:36.948 [main] ReportManager - Successfully created attachment 'SHAFT Engine Logs - Current Method log: CloseBrowser'
[INFO ] 2024-12-20 05:17:36.949 [main] ReportManager - 
[0;7m------------------------------------------------------------------------------------------------------------------------------------------------
                                               Starting execution of navigate configuration method                                               
                                                  'Web_GUI_Test_Automation.Third_Test.navigate'                                                  
------------------------------------------------------------------------------------------------------------------------------------------------
[0m
[INFO ] 2024-12-20 05:17:36.951 [main] ReportManager - Setting "targetOperatingSystem" property with "windows".
[INFO ] 2024-12-20 05:17:36.952 [main] ReportManager - Setting "screenshotParams_scalingFactor" property with "1.0".
[INFO ] 2024-12-20 05:17:37.457 [main] ReportManager - Capabilities {acceptInsecureCerts: true, browserName: chrome, goog:chromeOptions: {args: [--disable-search-engine-cho..., --remote-allow-origins=*, --enable-automation, --disable-background-timer-..., --disable-backgrounding-occ..., --disable-features=Optimiza..., --disable-hang-monitor, --disable-domain-reliability, --disable-renderer-backgrou..., --metrics-recording-only, --no-first-run, --no-default-browser-check, --silent-debugger-extension..., --disable-extensions, --disable-component-extensi..., --disable-dev-shm-usage, --disable-ipc-flooding-prot..., --disable-background-networ..., --mute-audio, --disable-breakpad, --ignore-certificate-errors, --disable-device-discovery-..., --force-color-profile=srgb, --hide-scrollbars, --host-resolver-rules, --no-pings, --disable-sync, --disable-field-trial-config, --enable-features=NetworkSe..., --enable-features=NetworkSe..., --enable-use-zoom-for-dsf, --log-net-log, --net-log-capture-mode, --disable-client-side-phish..., --disable-default-apps, --remote-debugging-pipe, --no-sandbox, --start-maximized], extensions: [], prefs: {download.default_directory: E:\MohamedTarekEmbeddedAndS..., download.prompt_for_download: false, profile.default_content_settings.popups: 0}}, pageLoadStrategy: normal, timeouts: {pageLoad: 60000, script: 60000}, unhandledPromptBehavior: ignore, webSocketUrl: true}
[INFO ] 2024-12-20 05:17:37.457 [main] ReportManager - Attempting to run locally on: "Windows | Chrome".
[INFO ] 2024-12-20 05:17:37.458 [main] ReportManager - Identifying OS/Driver combination. Please note that if a new browser/driver executable will be downloaded it may take some time depending on your connection...
[INFO ] 2024-12-20 05:17:38.702 [main] ReportManager - Successfully Opened: "Windows | Chrome".
[INFO ] 2024-12-20 05:17:38.743 [main] ReportManager - Successfully created attachment 'SHAFT Engine Logs - Current Method log: navigate'
[INFO ] 2024-12-20 05:17:38.747 [main] ReportManager - 
[0;7m------------------------------------------------------------------------------------------------------------------------------------------------
                                        Starting Execution: '4 out of 4' test cases in the current suite                                        
                                            Test Method: 'Web_GUI_Test_Automation.Third_Test.Test_3'                                            
------------------------------------------------------------------------------------------------------------------------------------------------
[0m
[INFO ] 2024-12-20 05:17:38.748 [main] ReportManager - Target URL: "https://the-internet.herokuapp.com/"
[INFO ] 2024-12-20 05:17:38.757 [main] ReportManager - Initial URL: "about:blank"
[INFO ] 2024-12-20 05:17:42.658 [main] ReportManager - Navigate to url "https://the-internet.herokuapp.com/".
[INFO ] 2024-12-20 05:17:42.660 [main] ReportManager - Verify that the browser title is equal to "The Internet".
[DEBUG] 2024-12-20 05:17:42.666 [main] ReportManager - Expected "The Internet", and actual "The Internet"
[INFO ] 2024-12-20 05:17:42.869 [main] ReportManager - Successfully created attachment 'Screenshot - Verify_05-17-42-867_20122024'
[INFO ] 2024-12-20 05:17:42.870 [main] ReportManager - Expected "The Internet", and actual "The Internet"
[INFO ] 2024-12-20 05:17:42.870 [main] ReportManager - Verification passed
[INFO ] 2024-12-20 05:17:42.886 [main] ReportManager - Verify that the element located by "By.cssSelector: h1[class="heading"]" exists.
[DEBUG] 2024-12-20 05:17:42.922 [main] ReportManager - Expected "true", and actual "true"
[INFO ] 2024-12-20 05:17:43.225 [main] ReportManager - Successfully created attachment 'Screenshot - Verify_05-17-43-224_20122024'
[INFO ] 2024-12-20 05:17:43.226 [main] ReportManager - Expected "true", and actual "true"
[INFO ] 2024-12-20 05:17:43.226 [main] ReportManager - Verification passed
[INFO ] 2024-12-20 05:17:43.227 [main] ReportManager - Assert that the element located by "By.cssSelector: h1[class="heading"]" text contains "Welcome to the-internet".
[DEBUG] 2024-12-20 05:17:43.279 [main] ReportManager - Expected "Welcome to the-internet", and actual "Welcome to the-internet"
[INFO ] 2024-12-20 05:17:43.585 [main] ReportManager - Successfully created attachment 'Screenshot - Assert_05-17-43-576_20122024'
[INFO ] 2024-12-20 05:17:43.585 [main] ReportManager - Expected "Welcome to the-internet", and actual "Welcome to the-internet"
[INFO ] 2024-12-20 05:17:43.585 [main] ReportManager - Assertion passed
[INFO ] 2024-12-20 05:17:43.868 [main] ReportManager - Click "Dynamic Loading"
[INFO ] 2024-12-20 05:17:43.885 [main] ReportManager - Verify that the element located by "By.cssSelector: div[class="example"]>h3" exists.
[DEBUG] 2024-12-20 05:17:43.916 [main] ReportManager - Expected "true", and actual "true"
[INFO ] 2024-12-20 05:17:44.087 [main] ReportManager - Successfully created attachment 'Screenshot - Verify_05-17-44-085_20122024'
[INFO ] 2024-12-20 05:17:44.087 [main] ReportManager - Expected "true", and actual "true"
[INFO ] 2024-12-20 05:17:44.087 [main] ReportManager - Verification passed
[INFO ] 2024-12-20 05:17:44.088 [main] ReportManager - Assert that the element located by "By.cssSelector: div[class="example"]>h3" text contains "Dynamically Loaded Page Elements".
[DEBUG] 2024-12-20 05:17:44.134 [main] ReportManager - Expected "Dynamically Loaded Page Elements", and actual "Dynamically Loaded Page Elements"
[INFO ] 2024-12-20 05:17:44.319 [main] ReportManager - Successfully created attachment 'Screenshot - Assert_05-17-44-318_20122024'
[INFO ] 2024-12-20 05:17:44.319 [main] ReportManager - Expected "Dynamically Loaded Page Elements", and actual "Dynamically Loaded Page Elements"
[INFO ] 2024-12-20 05:17:44.319 [main] ReportManager - Assertion passed
[INFO ] 2024-12-20 05:17:44.556 [main] ReportManager - Click "Example 2: Element rendered after the fact"
[INFO ] 2024-12-20 05:17:44.577 [main] ReportManager - Verify that the element located by "By.xpath: //div[@class="example"]/h4" exists.
[DEBUG] 2024-12-20 05:17:44.624 [main] ReportManager - Expected "true", and actual "true"
[INFO ] 2024-12-20 05:17:44.786 [main] ReportManager - Successfully created attachment 'Screenshot - Verify_05-17-44-785_20122024'
[INFO ] 2024-12-20 05:17:44.786 [main] ReportManager - Expected "true", and actual "true"
[INFO ] 2024-12-20 05:17:44.786 [main] ReportManager - Verification passed
[INFO ] 2024-12-20 05:17:44.787 [main] ReportManager - Assert that the element located by "By.xpath: //div[@class="example"]/h4" text contains "Example 2: Element rendered after the fact".
[DEBUG] 2024-12-20 05:17:44.835 [main] ReportManager - Expected "Example 2: Element rendered after the fact", and actual "Example 2: Element rendered after the fact"
[INFO ] 2024-12-20 05:17:45.006 [main] ReportManager - Successfully created attachment 'Screenshot - Assert_05-17-45-005_20122024'
[INFO ] 2024-12-20 05:17:45.006 [main] ReportManager - Expected "Example 2: Element rendered after the fact", and actual "Example 2: Element rendered after the fact"
[INFO ] 2024-12-20 05:17:45.006 [main] ReportManager - Assertion passed
[INFO ] 2024-12-20 05:17:45.043 [main] ReportManager - Click "Start"
[INFO ] 2024-12-20 05:17:45.055 [main] ReportManager - Verify that the element located by "By.cssSelector: div[id="finish"]>h4" exists.
[DEBUG] 2024-12-20 05:17:50.117 [main] ReportManager - Expected "true", and actual "true"
[INFO ] 2024-12-20 05:17:50.323 [main] ReportManager - Successfully created attachment 'Screenshot - Verify_05-17-50-322_20122024'
[INFO ] 2024-12-20 05:17:50.324 [main] ReportManager - Expected "true", and actual "true"
[INFO ] 2024-12-20 05:17:50.324 [main] ReportManager - Verification passed
[INFO ] 2024-12-20 05:17:50.325 [main] ReportManager - Assert that the element located by "By.cssSelector: div[id="finish"]>h4" text contains "Hello World!".
[DEBUG] 2024-12-20 05:17:50.379 [main] ReportManager - Expected "Hello World!", and actual "Hello World!"
[INFO ] 2024-12-20 05:17:50.576 [main] ReportManager - Successfully created attachment 'Screenshot - Assert_05-17-50-572_20122024'
[INFO ] 2024-12-20 05:17:50.577 [main] ReportManager - Expected "Hello World!", and actual "Hello World!"
[INFO ] 2024-12-20 05:17:50.577 [main] ReportManager - Assertion passed
[INFO ] 2024-12-20 05:17:50.578 [main] ReportManager - Successfully created attachment 'SHAFT Engine Logs - Current Method log: Test_3'
[INFO ] 2024-12-20 05:17:50.578 [main] ReportManager - 
[0;7m------------------------------------------------------------------------------------------------------------------------------------------------
                                 Finished Execution of Test Method: 'Web_GUI_Test_Automation.Third_Test.Test_3'                                 
                                                              Test Status: 'Passed'                                                              
------------------------------------------------------------------------------------------------------------------------------------------------
[0m
[INFO ] 2024-12-20 05:17:50.580 [main] ReportManager - 
[0;7m------------------------------------------------------------------------------------------------------------------------------------------------
                                            Starting execution of close browser configuration method                                            
                                                'Web_GUI_Test_Automation.Third_Test.CloseBrowser'                                                
------------------------------------------------------------------------------------------------------------------------------------------------
[0m
[INFO ] 2024-12-20 05:17:51.295 [main] ReportManager - Successfully Closed Driver.
[INFO ] 2024-12-20 05:17:51.296 [main] ReportManager - Successfully created attachment 'SHAFT Engine Logs - Current Method log: CloseBrowser'
[INFO ] 2024-12-20 05:17:51.297 [main] ReportManager - 
[0;7m------------------------------------------------------------------------------------------------------------------------------------------------
                                           Starting execution of engine tear down configuration method                                           
                                        'com.shaft.listeners.internal.ConfigurationHelper.engineTearDown'                                        
------------------------------------------------------------------------------------------------------------------------------------------------
[0m
[INFO ] 2024-12-20 05:17:51.297 [main] ReportManager - Successfully created attachment 'SHAFT Engine Logs - Execution log'
[INFO ] 2024-12-20 05:17:51.299 [main] ReportManager - Successfully created attachment 'SHAFT Engine Logs - Execution log: 20241220-051751'
[INFO ] 2024-12-20 05:17:51.302 [main] ReportManager - Successfully created attachment 'HTML - Checkpoints Report'
[INFO ] 2024-12-20 05:17:51.302 [main] ReportManager - Successfully created attachment 'SHAFT Engine Logs - Current Method log: engineTearDown'
[INFO ] 2024-12-20 05:17:51.314 [main] ReportManager - ===============================================
[INFO ] 2024-12-20 05:17:51.314 [main] ReportManager - Suite
[INFO ] 2024-12-20 05:17:51.314 [main] ReportManager - Total tests run: 4, Passes: 4, Failures: 0, Skips: 0
[INFO ] 2024-12-20 05:17:51.314 [main] ReportManager - ===============================================
[INFO ] 2024-12-20 05:17:51.316 [main] ReportManager - 
[0;7m------------------------------------------------------------------------------------------------------------------------------------------------
                                           This test run was powered by [1mSHAFT v.8.4.20241024[22m                                           
                               SHAFT [1;4mis and will always be 100% FREE[22;24m for commercial and private use                               
                                                   in compliance with the [1mMIT license[22m                                                   
                                   Visit SHAFT's user guide [4mhttps://shafthq.github.io/[24m to learn more                                   
------------------------------------------------------------------------------------------------------------------------------------------------
[0m
[INFO ] 2024-12-20 05:17:51.319 [main] ReportManager - Executing: "C:\Users\giga\.m2\repository\allure\allure-2.30.0/bin/allure.bat generate --single-file --clean 'allure-results' -o 'E:\MohamedTarekEmbeddedAndSoftwareTestingDiploma\JavaTestingWorkspace\FirstWebAutomationTest\target\allure-report' --report-name 'Test run report'" locally.
[INFO ] 2024-12-20 05:17:51.320 [] ReportManager - 
[0;7m------------------------------------------------------------------------------------------------------------------------------------------------
                                                         Test Execution Summary Results                                                         
                                              Total Cases: 4 --> Passed: 4 | Failed: 0 | Skipped: 0                                              
------------------------------------------------------------------------------------------------------------------------------------------------
[0m
[INFO ] 2024-12-20 05:17:53.678 [main] ReportManager - Executing: ".\allure-report\2024-12-20_05-17-53-671_AllureReport.html" locally.
